[2021-05-19 08:15:12.665] [exthost] [info] extension host started
[2021-05-19 08:15:12.770] [exthost] [info] ExtensionService#_doActivateExtension vscode.configuration-editing {"startup":false,"extensionId":{"value":"vscode.configuration-editing","_lower":"vscode.configuration-editing"},"activationEvent":"onLanguage:jsonc"}
[2021-05-19 08:15:12.775] [exthost] [info] ExtensionService#loadCommonJSModule file:///home/tiagosantos/.p2/pool/plugins/com.genuitec.eclipse.code.engine.app.linux.x86_64_3.6.0.202002212104/engine/resources/app/extensions/configuration-editing/dist/extension
[2021-05-19 08:15:12.802] [exthost] [info] ExtensionService#_doActivateExtension vscode.json-language-features {"startup":false,"extensionId":{"value":"vscode.json-language-features","_lower":"vscode.json-language-features"},"activationEvent":"onLanguage:jsonc"}
[2021-05-19 08:15:12.811] [exthost] [info] ExtensionService#loadCommonJSModule file:///home/tiagosantos/.p2/pool/plugins/com.genuitec.eclipse.code.engine.app.linux.x86_64_3.6.0.202002212104/engine/resources/app/extensions/json-language-features/client/dist/jsonMain
[2021-05-19 08:15:12.907] [exthost] [info] ExtensionService#_doActivateExtension vscode.typescript-language-features {"startup":false,"extensionId":{"value":"vscode.typescript-language-features","_lower":"vscode.typescript-language-features"},"activationEvent":"onLanguage:jsonc"}
[2021-05-19 08:15:12.908] [exthost] [info] ExtensionService#loadCommonJSModule file:///home/tiagosantos/.p2/pool/plugins/com.genuitec.eclipse.code.engine.app.linux.x86_64_3.6.0.202002212104/engine/resources/app/extensions/typescript-language-features/dist/extension
[2021-05-19 08:15:12.977] [exthost] [info] ExtensionService#_doActivateExtension HookyQR.beautify {"startup":true,"extensionId":{"value":"HookyQR.beautify","_lower":"hookyqr.beautify"},"activationEvent":"*"}
[2021-05-19 08:15:12.979] [exthost] [info] ExtensionService#loadCommonJSModule file:///home/tiagosantos/.p2/pool/plugins/pack.core.linux_3.6.0.202007171954/HookyQR.beautify-1.4.11/extension
[2021-05-19 08:15:13.140] [exthost] [info] ExtensionService#_doActivateExtension christian-kohler.path-intellisense {"startup":true,"extensionId":{"value":"christian-kohler.path-intellisense","_lower":"christian-kohler.path-intellisense"},"activationEvent":"*"}
[2021-05-19 08:15:13.146] [exthost] [info] ExtensionService#loadCommonJSModule file:///home/tiagosantos/.p2/pool/plugins/pack.core.linux_3.6.0.202007171954/christian-kohler.path-intellisense-1.4.2/out/src/extension
[2021-05-19 08:15:13.230] [exthost] [info] ExtensionService#_doActivateExtension dbaeumer.vscode-eslint {"startup":true,"extensionId":{"value":"dbaeumer.vscode-eslint","_lower":"dbaeumer.vscode-eslint"},"activationEvent":"*"}
[2021-05-19 08:15:13.233] [exthost] [info] ExtensionService#loadCommonJSModule file:///home/tiagosantos/.p2/pool/plugins/pack.core.linux_3.6.0.202007171954/dbaeumer.vscode-eslint-1.9.0/client/out/extension
[2021-05-19 08:15:13.320] [exthost] [info] ExtensionService#_doActivateExtension vscode.debug-auto-launch {"startup":true,"extensionId":{"value":"vscode.debug-auto-launch","_lower":"vscode.debug-auto-launch"},"activationEvent":"*"}
[2021-05-19 08:15:13.333] [exthost] [info] ExtensionService#loadCommonJSModule file:///home/tiagosantos/.p2/pool/plugins/com.genuitec.eclipse.code.engine.app.linux.x86_64_3.6.0.202002212104/engine/resources/app/extensions/debug-auto-launch/dist/extension
[2021-05-19 08:15:13.342] [exthost] [info] ExtensionService#_doActivateExtension vscode.emmet {"startup":true,"extensionId":{"value":"vscode.emmet","_lower":"vscode.emmet"},"activationEvent":"*"}
[2021-05-19 08:15:13.343] [exthost] [info] ExtensionService#loadCommonJSModule file:///home/tiagosantos/.p2/pool/plugins/com.genuitec.eclipse.code.engine.app.linux.x86_64_3.6.0.202002212104/engine/resources/app/extensions/emmet/dist/extension
[2021-05-19 08:15:13.494] [exthost] [info] ExtensionService#_doActivateExtension formulahendry.auto-close-tag {"startup":true,"extensionId":{"value":"formulahendry.auto-close-tag","_lower":"formulahendry.auto-close-tag"},"activationEvent":"*"}
[2021-05-19 08:15:13.499] [exthost] [info] ExtensionService#loadCommonJSModule file:///home/tiagosantos/.p2/pool/plugins/pack.core.linux_3.6.0.202007171954/formulahendry.auto-close-tag-0.5.6/out/src/extension
[2021-05-19 08:15:15.266] [exthost] [info] extension host started
[2021-05-19 08:15:15.315] [exthost] [info] ExtensionService#_doActivateExtension vscode.configuration-editing {"startup":false,"extensionId":{"value":"vscode.configuration-editing","_lower":"vscode.configuration-editing"},"activationEvent":"onLanguage:jsonc"}
[2021-05-19 08:15:15.317] [exthost] [info] ExtensionService#loadCommonJSModule file:///home/tiagosantos/.p2/pool/plugins/com.genuitec.eclipse.code.engine.app.linux.x86_64_3.6.0.202002212104/engine/resources/app/extensions/configuration-editing/dist/extension
[2021-05-19 08:15:15.331] [exthost] [info] ExtensionService#_doActivateExtension vscode.json-language-features {"startup":false,"extensionId":{"value":"vscode.json-language-features","_lower":"vscode.json-language-features"},"activationEvent":"onLanguage:jsonc"}
[2021-05-19 08:15:15.331] [exthost] [info] ExtensionService#loadCommonJSModule file:///home/tiagosantos/.p2/pool/plugins/com.genuitec.eclipse.code.engine.app.linux.x86_64_3.6.0.202002212104/engine/resources/app/extensions/json-language-features/client/dist/jsonMain
[2021-05-19 08:15:15.426] [exthost] [info] ExtensionService#_doActivateExtension vscode.typescript-language-features {"startup":false,"extensionId":{"value":"vscode.typescript-language-features","_lower":"vscode.typescript-language-features"},"activationEvent":"onLanguage:jsonc"}
[2021-05-19 08:15:15.427] [exthost] [info] ExtensionService#loadCommonJSModule file:///home/tiagosantos/.p2/pool/plugins/com.genuitec.eclipse.code.engine.app.linux.x86_64_3.6.0.202002212104/engine/resources/app/extensions/typescript-language-features/dist/extension
[2021-05-19 08:15:15.498] [exthost] [info] ExtensionService#_doActivateExtension vscode.grunt {"startup":false,"extensionId":{"value":"vscode.grunt","_lower":"vscode.grunt"},"activationEvent":"onCommand:workbench.action.tasks.runTask"}
[2021-05-19 08:15:15.504] [exthost] [info] ExtensionService#loadCommonJSModule file:///home/tiagosantos/.p2/pool/plugins/com.genuitec.eclipse.code.engine.app.linux.x86_64_3.6.0.202002212104/engine/resources/app/extensions/grunt/dist/main
[2021-05-19 08:15:15.511] [exthost] [info] ExtensionService#_doActivateExtension vscode.gulp {"startup":false,"extensionId":{"value":"vscode.gulp","_lower":"vscode.gulp"},"activationEvent":"onCommand:workbench.action.tasks.runTask"}
[2021-05-19 08:15:15.513] [exthost] [info] ExtensionService#loadCommonJSModule file:///home/tiagosantos/.p2/pool/plugins/com.genuitec.eclipse.code.engine.app.linux.x86_64_3.6.0.202002212104/engine/resources/app/extensions/gulp/dist/main
[2021-05-19 08:15:15.519] [exthost] [info] ExtensionService#_doActivateExtension vscode.jake {"startup":false,"extensionId":{"value":"vscode.jake","_lower":"vscode.jake"},"activationEvent":"onCommand:workbench.action.tasks.runTask"}
[2021-05-19 08:15:15.520] [exthost] [info] ExtensionService#loadCommonJSModule file:///home/tiagosantos/.p2/pool/plugins/com.genuitec.eclipse.code.engine.app.linux.x86_64_3.6.0.202002212104/engine/resources/app/extensions/jake/dist/main
[2021-05-19 08:15:15.527] [exthost] [info] ExtensionService#_doActivateExtension vscode.npm {"startup":false,"extensionId":{"value":"vscode.npm","_lower":"vscode.npm"},"activationEvent":"onCommand:workbench.action.tasks.runTask"}
[2021-05-19 08:15:15.530] [exthost] [info] ExtensionService#loadCommonJSModule file:///home/tiagosantos/.p2/pool/plugins/com.genuitec.eclipse.code.engine.app.linux.x86_64_3.6.0.202002212104/engine/resources/app/extensions/npm/dist/main
[2021-05-19 08:15:15.551] [exthost] [info] ExtensionService#_doActivateExtension HookyQR.beautify {"startup":true,"extensionId":{"value":"HookyQR.beautify","_lower":"hookyqr.beautify"},"activationEvent":"*"}
[2021-05-19 08:15:15.552] [exthost] [info] ExtensionService#loadCommonJSModule file:///home/tiagosantos/.p2/pool/plugins/pack.core.linux_3.6.0.202007171954/HookyQR.beautify-1.4.11/extension
[2021-05-19 08:15:15.694] [exthost] [info] ExtensionService#_doActivateExtension christian-kohler.path-intellisense {"startup":true,"extensionId":{"value":"christian-kohler.path-intellisense","_lower":"christian-kohler.path-intellisense"},"activationEvent":"*"}
[2021-05-19 08:15:15.696] [exthost] [info] ExtensionService#loadCommonJSModule file:///home/tiagosantos/.p2/pool/plugins/pack.core.linux_3.6.0.202007171954/christian-kohler.path-intellisense-1.4.2/out/src/extension
[2021-05-19 08:15:15.720] [exthost] [info] ExtensionService#_doActivateExtension dbaeumer.vscode-eslint {"startup":true,"extensionId":{"value":"dbaeumer.vscode-eslint","_lower":"dbaeumer.vscode-eslint"},"activationEvent":"*"}
[2021-05-19 08:15:15.721] [exthost] [info] ExtensionService#loadCommonJSModule file:///home/tiagosantos/.p2/pool/plugins/pack.core.linux_3.6.0.202007171954/dbaeumer.vscode-eslint-1.9.0/client/out/extension
[2021-05-19 08:15:15.755] [exthost] [info] ExtensionService#_doActivateExtension vscode.debug-auto-launch {"startup":true,"extensionId":{"value":"vscode.debug-auto-launch","_lower":"vscode.debug-auto-launch"},"activationEvent":"*"}
[2021-05-19 08:15:15.756] [exthost] [info] ExtensionService#loadCommonJSModule file:///home/tiagosantos/.p2/pool/plugins/com.genuitec.eclipse.code.engine.app.linux.x86_64_3.6.0.202002212104/engine/resources/app/extensions/debug-auto-launch/dist/extension
[2021-05-19 08:15:15.765] [exthost] [info] ExtensionService#_doActivateExtension vscode.emmet {"startup":true,"extensionId":{"value":"vscode.emmet","_lower":"vscode.emmet"},"activationEvent":"*"}
[2021-05-19 08:15:15.766] [exthost] [info] ExtensionService#loadCommonJSModule file:///home/tiagosantos/.p2/pool/plugins/com.genuitec.eclipse.code.engine.app.linux.x86_64_3.6.0.202002212104/engine/resources/app/extensions/emmet/dist/extension
[2021-05-19 08:15:15.815] [exthost] [info] ExtensionService#_doActivateExtension formulahendry.auto-close-tag {"startup":true,"extensionId":{"value":"formulahendry.auto-close-tag","_lower":"formulahendry.auto-close-tag"},"activationEvent":"*"}
[2021-05-19 08:15:15.816] [exthost] [info] ExtensionService#loadCommonJSModule file:///home/tiagosantos/.p2/pool/plugins/pack.core.linux_3.6.0.202007171954/formulahendry.auto-close-tag-0.5.6/out/src/extension
[2021-05-19 08:15:15.870] [exthost] [info] eager extensions activated
